<?xml version="1.0" encoding="UTF-8"?>
<!-- Generated by org.testng.reporters.JUnitReportReporter -->
<testsuite skipped="0" hostname="Admin-PC" name="googleTest.GoogleTest" tests="1" failures="0" timestamp="25 Mar 2017 13:19:11 GMT" time="12.876" errors="0">
  <testcase name="GoogleTest" time="12.876" classname="googleTest.GoogleTest"/>
</testsuite> <!-- googleTest.GoogleTest -->
