<?xml version="1.0" encoding="UTF-8"?>
<!-- Generated by org.testng.reporters.JUnitReportReporter -->
<testsuite hostname="Admin-PC" name="googleTest.GoogleTest" tests="1" failures="0" timestamp="26 Mar 2017 11:29:11 GMT" time="11.699" errors="0">
  <testcase name="GoogleTest" time="11.699" classname="googleTest.GoogleTest"/>
</testsuite> <!-- googleTest.GoogleTest -->
